SF:lib/core/data_services/base_data_service.dart
DA:17,1
DA:20,0
DA:21,1
LF:3
LH:2
end_of_record
SF:lib/core/data_services/person_data_service.dart
DA:11,1
DA:13,1
DA:19,0
DA:22,0
DA:23,0
DA:24,0
DA:28,0
DA:31,0
DA:32,0
DA:33,0
LF:10
LH:2
end_of_record
SF:lib/core/logger_mixin.dart
DA:6,0
DA:7,0
DA:8,0
DA:13,0
DA:14,0
DA:15,0
DA:23,0
DA:24,0
DA:28,0
DA:29,0
DA:32,0
DA:33,0
DA:36,0
DA:37,0
DA:40,0
DA:41,0
LF:16
LH:0
end_of_record
SF:lib/core/error_service.dart
DA:6,0
DA:7,0
DA:10,0
DA:11,0
DA:13,0
DA:17,0
DA:18,0
LF:7
LH:0
end_of_record
SF:lib/core/core_service.dart
DA:2,1
LF:1
LH:1
end_of_record
SF:lib/core/data_vo/base_data_vo.dart
DA:8,0
LF:1
LH:0
end_of_record
SF:lib/core/data_vo/person_data_vo.dart
DA:18,0
DA:24,0
DA:26,0
DA:27,0
DA:29,0
DA:30,0
LF:6
LH:0
end_of_record
SF:lib/core/data_vo/person_data_vo.g.dart
DA:9,0
DA:10,0
DA:11,0
DA:12,0
DA:13,0
DA:14,0
DA:17,0
DA:18,0
DA:19,0
DA:20,0
DA:21,0
DA:22,0
DA:23,0
LF:13
LH:0
end_of_record
SF:lib/core/db_models/person_db_model.dart
DA:32,0
DA:39,0
DA:45,0
DA:46,0
DA:48,0
DA:49,0
DA:51,0
DA:53,0
DA:54,0
DA:55,0
DA:56,0
DA:61,0
DA:62,0
DA:64,0
DA:67,0
DA:68,0
DA:70,0
DA:77,0
DA:79,0
DA:80,0
DA:85,0
DA:87,0
DA:90,0
DA:91,0
DA:92,0
LF:25
LH:0
end_of_record
SF:lib/core/db_models/person_db_model.g.dart
DA:9,0
DA:10,0
DA:11,0
DA:12,0
DA:13,0
DA:15,0
DA:16,0
DA:17,0
DA:18,0
DA:20,0
DA:21,0
DA:23,0
DA:24,0
DA:25,0
DA:26,0
DA:28,0
DA:29,0
DA:30,0
DA:31,0
DA:32,0
DA:33,0
DA:34,0
DA:35,0
DA:37,0
LF:24
LH:0
end_of_record
SF:lib/core/db_exception.dart
DA:5,1
DA:28,0
DA:33,0
DA:34,0
LF:4
LH:1
end_of_record
SF:lib/core/db_models/db_model.dart
DA:27,0
DA:34,0
DA:36,0
DA:37,0
DA:39,0
DA:42,0
DA:43,0
DA:47,0
DA:48,0
DA:52,0
DA:53,0
DA:55,0
DA:58,0
DA:60,0
DA:64,0
LF:15
LH:0
end_of_record
SF:lib/core/db_models/driver_licence_db_model.dart
DA:26,0
DA:33,0
DA:39,0
DA:40,0
DA:42,0
DA:43,0
DA:45,0
DA:47,0
DA:48,0
DA:49,0
DA:50,0
DA:51,0
DA:52,0
DA:57,0
DA:58,0
DA:60,0
DA:63,0
DA:64,0
DA:66,0
DA:73,0
DA:75,0
DA:76,0
DA:81,0
DA:83,0
DA:86,0
DA:87,0
DA:88,0
LF:27
LH:0
end_of_record
SF:lib/core/db_models/driver_licence_db_model.g.dart
DA:9,0
DA:11,0
DA:12,0
DA:13,0
DA:14,0
DA:16,0
DA:17,0
DA:18,0
DA:20,0
DA:21,0
DA:23,0
DA:26,0
DA:28,0
DA:29,0
DA:30,0
DA:31,0
DA:32,0
DA:33,0
DA:34,0
LF:19
LH:0
end_of_record
SF:lib/core/db_models/driver_vehicle_db_model.dart
DA:24,0
DA:30,0
DA:36,0
DA:37,0
DA:39,0
DA:40,0
DA:42,0
DA:44,0
DA:45,0
DA:46,0
DA:47,0
DA:48,0
DA:49,0
DA:54,0
DA:55,0
DA:57,0
DA:60,0
DA:61,0
DA:63,0
DA:70,0
DA:72,0
DA:73,0
DA:78,0
DA:80,0
DA:83,0
DA:84,0
DA:85,0
LF:27
LH:0
end_of_record
SF:lib/core/db_models/driver_vehicle_db_model.g.dart
DA:9,0
DA:11,0
DA:12,0
DA:13,0
DA:14,0
DA:15,0
DA:17,0
DA:18,0
DA:20,0
DA:23,0
DA:25,0
DA:26,0
DA:27,0
DA:28,0
DA:29,0
DA:30,0
LF:16
LH:0
end_of_record
